[{"line":6,"elements":[{"start_timestamp":"2025-05-22T18:36:15.684Z","before":[{"result":{"duration":4171432000,"status":"passed"},"match":{"location":"org.ebusahin.stepdefinitions.Hooks.setUp(io.cucumber.java.Scenario)"}}],"line":8,"name":"Invalid username login scenario","description":"","id":"invalid-login;invalid-username-login-scenario","after":[{"result":{"duration":213575000,"status":"passed"},"match":{"location":"org.ebusahin.stepdefinitions.Hooks.tearDown()"}}],"type":"scenario","keyword":"Scenario","steps":[{"result":{"duration":543069000,"status":"passed"},"line":9,"name":"User is on \"swag_labs\" login page","match":{"arguments":[{"val":"\"swag_labs\"","offset":11}],"location":"org.ebusahin.stepdefinitions.LoginStepDefinitions.userIsOnLoginPage(java.lang.String)"},"keyword":"Given "},{"result":{"duration":599022000,"status":"passed"},"line":10,"name":"When user logs in with username \"usernames\" and password \"secret_sauce\"","match":{"arguments":[{"val":"\"usernames\"","offset":32},{"val":"\"secret_sauce\"","offset":57}],"location":"org.ebusahin.stepdefinitions.LoginStepDefinitions.whenUserLogsInWithUsernameAndPassword(java.lang.String,java.lang.String)"},"keyword":"And "},{"result":{"error_message":"org.openqa.selenium.NoSuchElementException: no such element: Unable to locate element: {\"method\":\"xpath\",\"selector\":\"//*[text()='Products']\"}\n  (Session info: chrome=137.0.7151.41)\nFor documentation on this error, please visit: https://www.selenium.dev/documentation/webdriver/troubleshooting/errors#no-such-element-exception\nBuild info: version: '4.31.0', revision: '1ef9f18787*'\nSystem info: os.name: 'Mac OS X', os.arch: 'x86_64', os.version: '13.7.6', java.version: '17.0.12'\nDriver info: org.openqa.selenium.chrome.ChromeDriver\nCommand: [562154596ec90ccfd7ad051e4dd5d644, findElement {value=//*[text()='Products'], using=xpath}]\nCapabilities {acceptInsecureCerts: false, browserName: chrome, browserVersion: 137.0.7151.41, chrome: {chromedriverVersion: 136.0.7103.113 (76fa3c17824..., userDataDir: /var/folders/9t/1q5g_6q50_7...}, fedcm:accounts: true, goog:chromeOptions: {debuggerAddress: localhost:51832}, networkConnectionEnabled: false, pageLoadStrategy: normal, platformName: mac, proxy: Proxy(), se:cdp: ws://localhost:51832/devtoo..., se:cdpVersion: 137.0.7151.41, setWindowRect: true, strictFileInteractability: false, timeouts: {implicit: 0, pageLoad: 300000, script: 30000}, unhandledPromptBehavior: dismiss and notify, webauthn:extension:credBlob: true, webauthn:extension:largeBlob: true, webauthn:extension:minPinLength: true, webauthn:extension:prf: true, webauthn:virtualAuthenticators: true}\nSession ID: 562154596ec90ccfd7ad051e4dd5d644\n\tat java.base/jdk.internal.reflect.NativeConstructorAccessorImpl.newInstance0(Native Method)\n\tat java.base/jdk.internal.reflect.NativeConstructorAccessorImpl.newInstance(NativeConstructorAccessorImpl.java:77)\n\tat java.base/jdk.internal.reflect.DelegatingConstructorAccessorImpl.newInstance(DelegatingConstructorAccessorImpl.java:45)\n\tat java.base/java.lang.reflect.Constructor.newInstanceWithCaller(Constructor.java:499)\n\tat java.base/java.lang.reflect.Constructor.newInstance(Constructor.java:480)\n\tat org.openqa.selenium.remote.ErrorCodec.decode(ErrorCodec.java:167)\n\tat org.openqa.selenium.remote.codec.w3c.W3CHttpResponseCodec.decode(W3CHttpResponseCodec.java:138)\n\tat org.openqa.selenium.remote.codec.w3c.W3CHttpResponseCodec.decode(W3CHttpResponseCodec.java:50)\n\tat org.openqa.selenium.remote.HttpCommandExecutor.execute(HttpCommandExecutor.java:215)\n\tat org.openqa.selenium.remote.service.DriverCommandExecutor.invokeExecute(DriverCommandExecutor.java:216)\n\tat org.openqa.selenium.remote.service.DriverCommandExecutor.execute(DriverCommandExecutor.java:174)\n\tat org.openqa.selenium.remote.RemoteWebDriver.execute(RemoteWebDriver.java:545)\n\tat org.openqa.selenium.remote.ElementLocation$ElementFinder$2.findElement(ElementLocation.java:165)\n\tat org.openqa.selenium.remote.ElementLocation.findElement(ElementLocation.java:59)\n\tat org.openqa.selenium.remote.RemoteWebDriver.findElement(RemoteWebDriver.java:368)\n\tat org.openqa.selenium.remote.RemoteWebDriver.findElement(RemoteWebDriver.java:362)\n\tat org.openqa.selenium.support.pagefactory.DefaultElementLocator.findElement(DefaultElementLocator.java:68)\n\tat org.openqa.selenium.support.pagefactory.internal.LocatingElementHandler.invoke(LocatingElementHandler.java:38)\n\tat jdk.proxy2/jdk.proxy2.$Proxy22.isDisplayed(Unknown Source)\n\tat org.ebusahin.stepdefinitions.LoginStepDefinitions.thenTheUserShouldSeeASuccessMessage(LoginStepDefinitions.java:33)\n\tat ✽.Then the user should see a success message(file:///Users/sahinebu/IdeaProjects/SeleniumBdd/src/test/resources/features/2.invalid_login.feature:11)\n","duration":10081442000,"status":"failed"},"line":11,"name":"Then the user should see a success message","match":{"location":"org.ebusahin.stepdefinitions.LoginStepDefinitions.thenTheUserShouldSeeASuccessMessage()"},"keyword":"Then "},{"result":{"duration":275000,"status":"skipped"},"line":12,"name":"User closes the driver","match":{"location":"org.ebusahin.stepdefinitions.LoginStepDefinitions.userClosesTheDriver()"},"keyword":"Then "}],"tags":[{"name":"@smoke"},{"name":"@chrome"},{"name":"@wip"}]},{"start_timestamp":"2025-05-22T18:36:31.350Z","before":[{"result":{"duration":1872900000,"status":"passed"},"match":{"location":"org.ebusahin.stepdefinitions.Hooks.setUp(io.cucumber.java.Scenario)"}}],"line":14,"name":"Invalid password login scenario","description":"","id":"invalid-login;invalid-password-login-scenario","after":[{"result":{"duration":140858000,"status":"passed"},"match":{"location":"org.ebusahin.stepdefinitions.Hooks.tearDown()"}}],"type":"scenario","keyword":"Scenario","steps":[{"result":{"duration":105448000,"status":"passed"},"line":15,"name":"User is on \"swag_labs\" login page","match":{"arguments":[{"val":"\"swag_labs\"","offset":11}],"location":"org.ebusahin.stepdefinitions.LoginStepDefinitions.userIsOnLoginPage(java.lang.String)"},"keyword":"Given "},{"result":{"duration":944827000,"status":"passed"},"line":16,"name":"When user logs in with username \"standard_user\" and password \"secret_sauce1\"","match":{"arguments":[{"val":"\"standard_user\"","offset":32},{"val":"\"secret_sauce1\"","offset":61}],"location":"org.ebusahin.stepdefinitions.LoginStepDefinitions.whenUserLogsInWithUsernameAndPassword(java.lang.String,java.lang.String)"},"keyword":"And "},{"result":{"error_message":"org.openqa.selenium.NoSuchElementException: no such element: Unable to locate element: {\"method\":\"xpath\",\"selector\":\"//*[text()='Products']\"}\n  (Session info: chrome=137.0.7151.41)\nFor documentation on this error, please visit: https://www.selenium.dev/documentation/webdriver/troubleshooting/errors#no-such-element-exception\nBuild info: version: '4.31.0', revision: '1ef9f18787*'\nSystem info: os.name: 'Mac OS X', os.arch: 'x86_64', os.version: '13.7.6', java.version: '17.0.12'\nDriver info: org.openqa.selenium.chrome.ChromeDriver\nCommand: [18a6fdedbcac1e559791c7e83e49d4e8, findElement {value=//*[text()='Products'], using=xpath}]\nCapabilities {acceptInsecureCerts: false, browserName: chrome, browserVersion: 137.0.7151.41, chrome: {chromedriverVersion: 136.0.7103.113 (76fa3c17824..., userDataDir: /var/folders/9t/1q5g_6q50_7...}, fedcm:accounts: true, goog:chromeOptions: {debuggerAddress: localhost:51859}, networkConnectionEnabled: false, pageLoadStrategy: normal, platformName: mac, proxy: Proxy(), se:cdp: ws://localhost:51859/devtoo..., se:cdpVersion: 137.0.7151.41, setWindowRect: true, strictFileInteractability: false, timeouts: {implicit: 0, pageLoad: 300000, script: 30000}, unhandledPromptBehavior: dismiss and notify, webauthn:extension:credBlob: true, webauthn:extension:largeBlob: true, webauthn:extension:minPinLength: true, webauthn:extension:prf: true, webauthn:virtualAuthenticators: true}\nSession ID: 18a6fdedbcac1e559791c7e83e49d4e8\n\tat java.base/jdk.internal.reflect.NativeConstructorAccessorImpl.newInstance0(Native Method)\n\tat java.base/jdk.internal.reflect.NativeConstructorAccessorImpl.newInstance(NativeConstructorAccessorImpl.java:77)\n\tat java.base/jdk.internal.reflect.DelegatingConstructorAccessorImpl.newInstance(DelegatingConstructorAccessorImpl.java:45)\n\tat java.base/java.lang.reflect.Constructor.newInstanceWithCaller(Constructor.java:499)\n\tat java.base/java.lang.reflect.Constructor.newInstance(Constructor.java:480)\n\tat org.openqa.selenium.remote.ErrorCodec.decode(ErrorCodec.java:167)\n\tat org.openqa.selenium.remote.codec.w3c.W3CHttpResponseCodec.decode(W3CHttpResponseCodec.java:138)\n\tat org.openqa.selenium.remote.codec.w3c.W3CHttpResponseCodec.decode(W3CHttpResponseCodec.java:50)\n\tat org.openqa.selenium.remote.HttpCommandExecutor.execute(HttpCommandExecutor.java:215)\n\tat org.openqa.selenium.remote.service.DriverCommandExecutor.invokeExecute(DriverCommandExecutor.java:216)\n\tat org.openqa.selenium.remote.service.DriverCommandExecutor.execute(DriverCommandExecutor.java:174)\n\tat org.openqa.selenium.remote.RemoteWebDriver.execute(RemoteWebDriver.java:545)\n\tat org.openqa.selenium.remote.ElementLocation$ElementFinder$2.findElement(ElementLocation.java:165)\n\tat org.openqa.selenium.remote.ElementLocation.findElement(ElementLocation.java:59)\n\tat org.openqa.selenium.remote.RemoteWebDriver.findElement(RemoteWebDriver.java:368)\n\tat org.openqa.selenium.remote.RemoteWebDriver.findElement(RemoteWebDriver.java:362)\n\tat org.openqa.selenium.support.pagefactory.DefaultElementLocator.findElement(DefaultElementLocator.java:68)\n\tat org.openqa.selenium.support.pagefactory.internal.LocatingElementHandler.invoke(LocatingElementHandler.java:38)\n\tat jdk.proxy2/jdk.proxy2.$Proxy22.isDisplayed(Unknown Source)\n\tat org.ebusahin.stepdefinitions.LoginStepDefinitions.thenTheUserShouldSeeASuccessMessage(LoginStepDefinitions.java:33)\n\tat ✽.Then the user should see a success message(file:///Users/sahinebu/IdeaProjects/SeleniumBdd/src/test/resources/features/2.invalid_login.feature:17)\n","duration":10011473000,"status":"failed"},"line":17,"name":"Then the user should see a success message","match":{"location":"org.ebusahin.stepdefinitions.LoginStepDefinitions.thenTheUserShouldSeeASuccessMessage()"},"keyword":"Then "},{"result":{"duration":289000,"status":"skipped"},"line":18,"name":"User closes the driver","match":{"location":"org.ebusahin.stepdefinitions.LoginStepDefinitions.userClosesTheDriver()"},"keyword":"Then "}],"tags":[{"name":"@smoke"},{"name":"@chrome"},{"name":"@wip"}]},{"start_timestamp":"2025-05-22T18:36:44.441Z","before":[{"result":{"duration":1839018000,"status":"passed"},"match":{"location":"org.ebusahin.stepdefinitions.Hooks.setUp(io.cucumber.java.Scenario)"}}],"line":20,"name":"Invalid username and password login scenario","description":"","id":"invalid-login;invalid-username-and-password-login-scenario","after":[{"result":{"duration":202232000,"status":"passed"},"match":{"location":"org.ebusahin.stepdefinitions.Hooks.tearDown()"}}],"type":"scenario","keyword":"Scenario","steps":[{"result":{"duration":102750000,"status":"passed"},"line":21,"name":"User is on \"swag_labs\" login page","match":{"arguments":[{"val":"\"swag_labs\"","offset":11}],"location":"org.ebusahin.stepdefinitions.LoginStepDefinitions.userIsOnLoginPage(java.lang.String)"},"keyword":"Given "},{"result":{"duration":902637000,"status":"passed"},"line":22,"name":"When user logs in with username \"usernames\" and password \"secret_sauce2\"","match":{"arguments":[{"val":"\"usernames\"","offset":32},{"val":"\"secret_sauce2\"","offset":57}],"location":"org.ebusahin.stepdefinitions.LoginStepDefinitions.whenUserLogsInWithUsernameAndPassword(java.lang.String,java.lang.String)"},"keyword":"And "},{"result":{"error_message":"org.openqa.selenium.NoSuchElementException: no such element: Unable to locate element: {\"method\":\"xpath\",\"selector\":\"//*[text()='Products']\"}\n  (Session info: chrome=137.0.7151.41)\nFor documentation on this error, please visit: https://www.selenium.dev/documentation/webdriver/troubleshooting/errors#no-such-element-exception\nBuild info: version: '4.31.0', revision: '1ef9f18787*'\nSystem info: os.name: 'Mac OS X', os.arch: 'x86_64', os.version: '13.7.6', java.version: '17.0.12'\nDriver info: org.openqa.selenium.chrome.ChromeDriver\nCommand: [a9841adced2ba75b8d2b429c9ff41960, findElement {value=//*[text()='Products'], using=xpath}]\nCapabilities {acceptInsecureCerts: false, browserName: chrome, browserVersion: 137.0.7151.41, chrome: {chromedriverVersion: 136.0.7103.113 (76fa3c17824..., userDataDir: /var/folders/9t/1q5g_6q50_7...}, fedcm:accounts: true, goog:chromeOptions: {debuggerAddress: localhost:51885}, networkConnectionEnabled: false, pageLoadStrategy: normal, platformName: mac, proxy: Proxy(), se:cdp: ws://localhost:51885/devtoo..., se:cdpVersion: 137.0.7151.41, setWindowRect: true, strictFileInteractability: false, timeouts: {implicit: 0, pageLoad: 300000, script: 30000}, unhandledPromptBehavior: dismiss and notify, webauthn:extension:credBlob: true, webauthn:extension:largeBlob: true, webauthn:extension:minPinLength: true, webauthn:extension:prf: true, webauthn:virtualAuthenticators: true}\nSession ID: a9841adced2ba75b8d2b429c9ff41960\n\tat java.base/jdk.internal.reflect.NativeConstructorAccessorImpl.newInstance0(Native Method)\n\tat java.base/jdk.internal.reflect.NativeConstructorAccessorImpl.newInstance(NativeConstructorAccessorImpl.java:77)\n\tat java.base/jdk.internal.reflect.DelegatingConstructorAccessorImpl.newInstance(DelegatingConstructorAccessorImpl.java:45)\n\tat java.base/java.lang.reflect.Constructor.newInstanceWithCaller(Constructor.java:499)\n\tat java.base/java.lang.reflect.Constructor.newInstance(Constructor.java:480)\n\tat org.openqa.selenium.remote.ErrorCodec.decode(ErrorCodec.java:167)\n\tat org.openqa.selenium.remote.codec.w3c.W3CHttpResponseCodec.decode(W3CHttpResponseCodec.java:138)\n\tat org.openqa.selenium.remote.codec.w3c.W3CHttpResponseCodec.decode(W3CHttpResponseCodec.java:50)\n\tat org.openqa.selenium.remote.HttpCommandExecutor.execute(HttpCommandExecutor.java:215)\n\tat org.openqa.selenium.remote.service.DriverCommandExecutor.invokeExecute(DriverCommandExecutor.java:216)\n\tat org.openqa.selenium.remote.service.DriverCommandExecutor.execute(DriverCommandExecutor.java:174)\n\tat org.openqa.selenium.remote.RemoteWebDriver.execute(RemoteWebDriver.java:545)\n\tat org.openqa.selenium.remote.ElementLocation$ElementFinder$2.findElement(ElementLocation.java:165)\n\tat org.openqa.selenium.remote.ElementLocation.findElement(ElementLocation.java:59)\n\tat org.openqa.selenium.remote.RemoteWebDriver.findElement(RemoteWebDriver.java:368)\n\tat org.openqa.selenium.remote.RemoteWebDriver.findElement(RemoteWebDriver.java:362)\n\tat org.openqa.selenium.support.pagefactory.DefaultElementLocator.findElement(DefaultElementLocator.java:68)\n\tat org.openqa.selenium.support.pagefactory.internal.LocatingElementHandler.invoke(LocatingElementHandler.java:38)\n\tat jdk.proxy2/jdk.proxy2.$Proxy22.isDisplayed(Unknown Source)\n\tat org.ebusahin.stepdefinitions.LoginStepDefinitions.thenTheUserShouldSeeASuccessMessage(LoginStepDefinitions.java:33)\n\tat ✽.Then the user should see a success message(file:///Users/sahinebu/IdeaProjects/SeleniumBdd/src/test/resources/features/2.invalid_login.feature:23)\n","duration":10020965000,"status":"failed"},"line":23,"name":"Then the user should see a success message","match":{"location":"org.ebusahin.stepdefinitions.LoginStepDefinitions.thenTheUserShouldSeeASuccessMessage()"},"keyword":"Then "},{"result":{"duration":265000,"status":"skipped"},"line":24,"name":"User closes the driver","match":{"location":"org.ebusahin.stepdefinitions.LoginStepDefinitions.userClosesTheDriver()"},"keyword":"Then "}],"tags":[{"name":"@smoke"},{"name":"@chrome"},{"name":"@wip"}]}],"name":"Invalid login","description":"","id":"invalid-login","keyword":"Feature","uri":"file:src/test/resources/features/2.invalid_login.feature","tags":[{"name":"@smoke","type":"Tag","location":{"line":5,"column":3}},{"name":"@chrome","type":"Tag","location":{"line":5,"column":10}},{"name":"@wip","type":"Tag","location":{"line":5,"column":18}}]}]